[2022-03-11 14:39:52.299] [exthost] [info] Extension host with pid 4414 started
[2022-03-11 14:39:52.315] [exthost] [error] Error: EEXIST: file already exists, open '/root/.vscode-server/data/User/workspaceStorage/6be9cbe3fc296bf6265116c76950fdb7/vscode.lock'
[2022-03-11 14:39:52.431] [exthost] [info] ExtensionService#_doActivateExtension redhat.vscode-yaml, startup: false, activationEvent: 'onLanguage:yaml'
[2022-03-11 14:39:53.504] [exthost] [info] ExtensionService#_doActivateExtension vscode.debug-auto-launch, startup: true, activationEvent: '*'
[2022-03-11 14:39:53.509] [exthost] [info] ExtensionService#_doActivateExtension vscode.git-base, startup: true, activationEvent: '*', root cause: vscode.github
[2022-03-11 14:39:53.515] [exthost] [info] ExtensionService#_doActivateExtension vscode.ipynb, startup: true, activationEvent: '*'
[2022-03-11 14:39:53.540] [exthost] [info] Lock '/root/.vscode-server/data/User/workspaceStorage/6be9cbe3fc296bf6265116c76950fdb7/vscode.lock': Could not acquire lock, checking if the file is stale.
[2022-03-11 14:39:53.542] [exthost] [info] Lock '/root/.vscode-server/data/User/workspaceStorage/6be9cbe3fc296bf6265116c76950fdb7/vscode.lock': The pid 3501 appears to be gone.
[2022-03-11 14:39:53.542] [exthost] [info] Lock '/root/.vscode-server/data/User/workspaceStorage/6be9cbe3fc296bf6265116c76950fdb7/vscode.lock': Deleting a stale lock.
[2022-03-11 14:39:53.979] [exthost] [info] Lock '/root/.vscode-server/data/User/workspaceStorage/6be9cbe3fc296bf6265116c76950fdb7/vscode.lock': Lock acquired.
[2022-03-11 14:39:54.188] [exthost] [info] ExtensionService#_doActivateExtension vscode.git, startup: true, activationEvent: '*'
[2022-03-11 14:39:54.288] [exthost] [info] ExtensionService#_doActivateExtension vscode.github, startup: true, activationEvent: '*'
[2022-03-11 14:39:54.302] [exthost] [info] ExtensionService#_doActivateExtension ms-kubernetes-tools.vscode-kubernetes-tools, startup: false, activationEvent: 'onLanguage:yaml'
[2022-03-11 14:39:58.060] [exthost] [info] ExtensionService#_doActivateExtension vscode.emmet, startup: false, activationEvent: 'onStartupFinished'
[2022-03-11 14:39:58.098] [exthost] [info] ExtensionService#_doActivateExtension vscode.merge-conflict, startup: false, activationEvent: 'onStartupFinished'
[2022-03-11 14:39:58.108] [exthost] [info] Eager extensions activated
[2022-03-11 14:39:58.214] [exthost] [warning] [redhat.vscode-yaml] Accessing a resource scoped configuration without providing a resource is not expected. To get the effective value for '[yaml]', provide the URI of a resource or 'null' for any resource.
[2022-03-11 15:38:13.138] [exthost] [info] ExtensionService#_doActivateExtension vscode.configuration-editing, startup: false, activationEvent: 'onLanguage:jsonc'
[2022-03-11 15:38:13.150] [exthost] [info] ExtensionService#_doActivateExtension vscode.json-language-features, startup: false, activationEvent: 'onLanguage:jsonc'
[2022-03-11 15:38:13.285] [exthost] [info] ExtensionService#_doActivateExtension vscode.typescript-language-features, startup: false, activationEvent: 'onLanguage:jsonc'
[2022-03-11 15:38:13.587] [exthost] [warning] [redhat.vscode-yaml] Accessing a resource scoped configuration without providing a resource is not expected. To get the effective value for '[yaml]', provide the URI of a resource or 'null' for any resource.
[2022-03-11 15:38:25.924] [exthost] [warning] [redhat.vscode-yaml] Accessing a resource scoped configuration without providing a resource is not expected. To get the effective value for '[yaml]', provide the URI of a resource or 'null' for any resource.
[2022-03-11 15:54:49.607] [exthost] [info] ExtensionService#_doActivateExtension ms-azuretools.vscode-docker, startup: false, activationEvent: 'onLanguage:dockerfile'
